<?xml version="1.0" encoding="UTF-8"?>
<!-- Generated by org.testng.reporters.JUnitXMLReporter -->
<testsuite hostname="GUNASEKAR-PC" name="Test" tests="1" failures="1" timestamp="22 Jun 2018 09:12:45 GMT" time="0.143" errors="0">
  <testcase name="feature" time="0.005" classname="runner.TestRunner">
    <failure type="java.lang.NullPointerException">
      <![CDATA[java.lang.NullPointerException
	at com.intuit.karate.FileUtils.resolveIfClassPath(FileUtils.java:156)
	at com.intuit.karate.testng.KarateRunner.feature(KarateRunner.java:52)
... Removed 24 stack frames]]>
    </failure>
  </testcase> <!-- feature -->
</testsuite> <!-- Test -->
