<?xml version="1.0" encoding="UTF-8"?>
<testng-results skipped="0" failed="0" total="1" passed="1">
  <reporter-output>
  </reporter-output>
  <suite name="Default suite" duration-ms="2307" started-at="2018-06-22T13:14:05Z" finished-at="2018-06-22T13:14:07Z">
    <groups>
    </groups>
    <test name="Default test" duration-ms="2307" started-at="2018-06-22T13:14:05Z" finished-at="2018-06-22T13:14:07Z">
      <class name="runner.TestRunner">
        <test-method status="PASS" signature="testParallel()[pri:0, instance:runner.TestRunner@3e6fa38a]" name="testParallel" duration-ms="2307" started-at="2018-06-22T18:44:05Z" finished-at="2018-06-22T18:44:07Z">
          <reporter-output>
          </reporter-output>
        </test-method> <!-- testParallel -->
      </class> <!-- runner.TestRunner -->
    </test> <!-- Default test -->
  </suite> <!-- Default suite -->
</testng-results>
